<?xml version="1.0" encoding="UTF-8"?>
<!-- Generated by org.testng.reporters.JUnitReportReporter -->
<testsuite hostname="Manish_Gupta" name="test.patient.HealPatientRegisterTest" tests="1" failures="0" timestamp="26 Apr 2017 15:47:07 GMT" time="39.266" errors="0">
  <testcase name="registerWithValidData" time="39.266" classname="test.patient.HealPatientRegisterTest"/>
</testsuite> <!-- test.patient.HealPatientRegisterTest -->
