<?xml version="1.0" encoding="UTF-8"?>
<!-- Generated by org.testng.reporters.JUnitReportReporter -->
<testsuite skipped="0" hostname="Mayur" name="test.patient.BookVisitTest" tests="2" failures="0" timestamp="04 May 2017 16:12:08 GMT" time="235.292" errors="0">
  <testcase name="testElementsOfBookVisitPage" time="182.747" classname="test.patient.BookVisitTest"/>
  <testcase name="testYesEmergencyCase" time="52.545" classname="test.patient.BookVisitTest"/>
</testsuite> <!-- test.patient.BookVisitTest -->
